{"C:\\0.Coding\\now-food\\now-food-admin-fe\\src\\app\\modules\\Counter\\components\\Test\\index.tsx": {"path":"C:\\0.Coding\\now-food\\now-food-admin-fe\\src\\app\\modules\\Counter\\components\\Test\\index.tsx","statementMap":{"0":{"start":{"line":4,"column":23},"end":{"line":6,"column":1}},"1":{"start":{"line":5,"column":2},"end":{"line":5,"column":35}},"2":{"start":{"line":8,"column":0},"end":{"line":8,"column":20}}},"fnMap":{"0":{"name":"(anonymous_0)","decl":{"start":{"line":4,"column":23},"end":{"line":4,"column":26}},"loc":{"start":{"line":4,"column":28},"end":{"line":6,"column":1}}}},"branchMap":{},"s":{"0":1,"1":1,"2":1},"f":{"0":1},"b":{}}
}
